matrixcalc_AMD64 @ DESKTOP-DQV7HTJ:  ----------
                                     Infos #: 0
                                     ----------

matrixcalc_AMD64 @ DESKTOP-DQV7HTJ:  -------------
                                     WARNINGS #: 0
                                     -------------

matrixcalc_AMD64 @ DESKTOP-DQV7HTJ:  -----------
                                     ERRORS #: 0
                                     -----------

matrixcalc_AMD64 @ DESKTOP-DQV7HTJ:  ----------
                                     Infos #: 0
                                     ----------

matrixcalc_AMD64 @ DESKTOP-DQV7HTJ:  -------------
                                     WARNINGS #: 0
                                     -------------

matrixcalc_AMD64 @ DESKTOP-DQV7HTJ:  -----------
                                     ERRORS #: 0
                                     -----------

matrixcalc_AMD64 @ DESKTOP-DQV7HTJ:  ----------
                                     Infos #: 0
                                     ----------

matrixcalc_AMD64 @ DESKTOP-DQV7HTJ:  -------------
                                     WARNINGS #: 0
                                     -------------

matrixcalc_AMD64 @ DESKTOP-DQV7HTJ:  -----------
                                     ERRORS #: 0
                                     -----------

matrixcalc_AMD64 @ DESKTOP-DQV7HTJ:  ----------
                                     Infos #: 0
                                     ----------

matrixcalc_AMD64 @ DESKTOP-DQV7HTJ:  -------------
                                     WARNINGS #: 0
                                     -------------

matrixcalc_AMD64 @ DESKTOP-DQV7HTJ:  -----------
                                     ERRORS #: 0
                                     -----------

matrixcalc_AMD64 @ DESKTOP-DQV7HTJ:  ----------
                                     Infos #: 0
                                     ----------

matrixcalc_AMD64 @ DESKTOP-DQV7HTJ:  -------------
                                     WARNINGS #: 0
                                     -------------

matrixcalc_AMD64 @ DESKTOP-DQV7HTJ:  -----------
                                     ERRORS #: 0
                                     -----------

matrixcalc_AMD64 @ DESKTOP-DQV7HTJ:  ----------
                                     Infos #: 0
                                     ----------

matrixcalc_AMD64 @ DESKTOP-DQV7HTJ:  -------------
                                     WARNINGS #: 0
                                     -------------

matrixcalc_AMD64 @ DESKTOP-DQV7HTJ:  -----------
                                     ERRORS #: 0
                                     -----------

matrixcalc_AMD64 @ DESKTOP-DQV7HTJ:  ----------
                                     Infos #: 0
                                     ----------

matrixcalc_AMD64 @ DESKTOP-DQV7HTJ:  -------------
                                     WARNINGS #: 0
                                     -------------

matrixcalc_AMD64 @ DESKTOP-DQV7HTJ:  -----------
                                     ERRORS #: 0
                                     -----------

matrixcalc_AMD64 @ DESKTOP-DQV7HTJ:  ----------
                                     Infos #: 0
                                     ----------

matrixcalc_AMD64 @ DESKTOP-DQV7HTJ:  -------------
                                     WARNINGS #: 0
                                     -------------

matrixcalc_AMD64 @ DESKTOP-DQV7HTJ:  -----------
                                     ERRORS #: 0
                                     -----------

