17/Nov/2021 13:30:56  Build version: 2021.4 Release from 2021-05-18 (change 873153)

17/Nov/2021 13:30:56  Starting adaptive port meshing.
                      
                      ------------------------------------------------------------------------------
17/Nov/2021 13:30:56  Mode calculation for port 1:
                      
                      ------------------------------------------------------------------------------

                      ------------------------------------------------------------------------------

                      ------------------------------------------------------------------------------
17/Nov/2021 13:31:01  Using generalized port mode solver.
                      
                      ------------------------------------------------------------------------------
17/Nov/2021 13:31:01  Using electric shielding for port 1.
                      
                      ------------------------------------------------------------------------------
17/Nov/2021 13:31:01  Port mode solver: Detected dispersive material(s) at port 1. 
                      Using a constant approximation of dispersive material(s) at 2.4 GHz and neglecting loss terms.  More...
                      
                      ------------------------------------------------------------------------------
17/Nov/2021 13:31:01    -------------------------------- F-Calc 2.4 --------------------------------
                        Port   Mode   Type        Z-Wave        Z-Wave-Sigma  Z-Line        F-Cutoff
                        1      1      QTEM        216           1.63e-008     79.4          ---
                        ----------------------------------------------------------------------------
                      
17/Nov/2021 13:31:02  Pass 1 successfully completed. 

                      ------------------------------------------------------------------------------

                      ------------------------------------------------------------------------------
17/Nov/2021 13:31:09    -------------------------------- F-Calc 2.4 --------------------------------
                        Port   Mode   Type        Z-Wave        Z-Wave-Sigma  Z-Line        F-Cutoff
                        1      1      QTEM        222           4.40e-009     83.3          ---
                        ----------------------------------------------------------------------------
                      
17/Nov/2021 13:31:10  Pass 2 successfully completed. Delta (Line Imp.): 4.62%

                      ------------------------------------------------------------------------------

                      ------------------------------------------------------------------------------
17/Nov/2021 13:31:19    -------------------------------- F-Calc 2.4 --------------------------------
                        Port   Mode   Type        Z-Wave        Z-Wave-Sigma  Z-Line        F-Cutoff
                        1      1      QTEM        247           2.13e-008     83.6          ---
                        ----------------------------------------------------------------------------
                      
17/Nov/2021 13:31:20  Pass 3 successfully completed. Delta (Line Imp.): 0.36%

                      ------------------------------------------------------------------------------

                      ------------------------------------------------------------------------------
17/Nov/2021 13:31:30    -------------------------------- F-Calc 2.4 --------------------------------
                        Port   Mode   Type        Z-Wave        Z-Wave-Sigma  Z-Line        F-Cutoff
                        1      1      QTEM        251           6.82e-008     82.5          ---
                        ----------------------------------------------------------------------------
                      
17/Nov/2021 13:31:31  Pass 4 successfully completed. Delta (Line Imp.): 1.26%
17/Nov/2021 13:31:31  Mode calculation for port 2:
                      
                      ------------------------------------------------------------------------------

                      ------------------------------------------------------------------------------

                      ------------------------------------------------------------------------------
17/Nov/2021 13:31:35  Using generalized port mode solver.
                      
                      ------------------------------------------------------------------------------
17/Nov/2021 13:31:35  Using electric shielding for port 2.
                      
                      ------------------------------------------------------------------------------
17/Nov/2021 13:31:36  Port mode solver: Detected dispersive material(s) at port 2. 
                      Using a constant approximation of dispersive material(s) at 2.4 GHz and neglecting loss terms.  More...
                      
                      ------------------------------------------------------------------------------
17/Nov/2021 13:31:36    -------------------------------- F-Calc 2.4 --------------------------------
                        Port   Mode   Type        Z-Wave        Z-Wave-Sigma  Z-Line        F-Cutoff
                        2      1      QTEM        216           1.63e-008     79.4          ---
                        ----------------------------------------------------------------------------
                      
17/Nov/2021 13:31:37  Pass 1 successfully completed. 

                      ------------------------------------------------------------------------------

                      ------------------------------------------------------------------------------
17/Nov/2021 13:31:45    -------------------------------- F-Calc 2.4 --------------------------------
                        Port   Mode   Type        Z-Wave        Z-Wave-Sigma  Z-Line        F-Cutoff
                        2      1      QTEM        222           4.40e-009     83.3          ---
                        ----------------------------------------------------------------------------
                      
17/Nov/2021 13:31:46  Pass 2 successfully completed. Delta (Line Imp.): 4.62%

                      ------------------------------------------------------------------------------

                      ------------------------------------------------------------------------------
17/Nov/2021 13:31:56    -------------------------------- F-Calc 2.4 --------------------------------
                        Port   Mode   Type        Z-Wave        Z-Wave-Sigma  Z-Line        F-Cutoff
                        2      1      QTEM        247           2.13e-008     83.6          ---
                        ----------------------------------------------------------------------------
                      
17/Nov/2021 13:31:57  Pass 3 successfully completed. Delta (Line Imp.): 0.36%

                      ------------------------------------------------------------------------------

                      ------------------------------------------------------------------------------
17/Nov/2021 13:32:08    -------------------------------- F-Calc 2.4 --------------------------------
                        Port   Mode   Type        Z-Wave        Z-Wave-Sigma  Z-Line        F-Cutoff
                        2      1      QTEM        251           6.84e-008     82.5          ---
                        ----------------------------------------------------------------------------
                      
17/Nov/2021 13:32:09  Pass 4 successfully completed. Delta (Line Imp.): 1.26%
17/Nov/2021 13:32:09  Adaptive port meshing finished. 
                      
                      ------------------------------------------------------------------------------
17/Nov/2021 13:32:10  *** Warning ***
                      
                      This software is licensed for personal and educational purposes only.
                      
                      ------------------------------------------------------------------------------
17/Nov/2021 13:32:10  The following farfield monitor(s) have been adjusted to model box [-35.3071,
                      35.3071, -30.9976, 30.9976, -0.997663, 18.7221].
                        farfield (f=2), farfield (f=2.4), farfield (f=2.8). More...
                      
                      ------------------------------------------------------------------------------
17/Nov/2021 13:32:11  
                      Solver started at: 01:32 PM Wednesday, 17. November 2021 (Türkiye Standart Saati)
                      
                        Module:  Time Domain: S-Parameter (Win 64)
                        Version: 2021.4 Release from 2021-05-18 (change 873153)
                      

                      ------------------------------------------------------------------------------

                      ------------------------------------------------------------------------------
17/Nov/2021 13:32:11  ======================================================================
                       Solver cycle: 1
                      ======================================================================
                      
                      Stimulation at port 1 (mode 1) 
                      
                      
                      
                      ------------------------------------------------------------------------------
17/Nov/2021 13:32:11  Units settings: 
                      
                        Dimensions: mm
                        Frequency:  GHz
                        Time:       ns
                      
                      ------------------------------------------------------------------------------
17/Nov/2021 13:32:33  Mesh statistics:
                      
                         Hexahedral mesh type: PBA [Version: default]
                      
                         Parallelization type: domain decomposition
                            Number of parallel working threads: 1
                            Number of calculation domains used: 1
                      
                         Used point accuracy enhancement value: 75.00%.
                         PBA fill limit: 99.00% (inverse)

17/Nov/2021 13:32:35  Using generalized port mode solver.
                      
                      ------------------------------------------------------------------------------
17/Nov/2021 13:32:35  Using electric shielding for port 1, 2.
                      
                      ------------------------------------------------------------------------------
17/Nov/2021 13:32:36  Port mode solver: Detected dispersive material(s) at port 1, 2. 
                      Using a constant approximation of dispersive material(s) at 2.4 GHz and neglecting loss terms.  More...
                      
                      ------------------------------------------------------------------------------
17/Nov/2021 13:32:36  Boundary conditions: 
                      
                        YZsymmetry: none
                        XZsymmetry: none
                        XYsymmetry: none
                      
                        Xmin: expanded open, 4 Layer, depth 33.8092 mm
                        Xmax: expanded open, 4 Layer, depth 33.8092 mm
                      
                        Ymin: expanded open, 4 Layer, depth 40.2432 mm
                        Ymax: expanded open, 4 Layer, depth 40.2432 mm
                      
                        Zmin: expanded open, 4 Layer, depth 40.2759 mm
                        Zmax: expanded open, 4 Layer, depth 33.8092 mm
                      
                        PML-Type: Convolution PML
                      
                      ------------------------------------------------------------------------------
17/Nov/2021 13:32:36  Frequency settings: 
                      
                        Fmin:         2
                        Fmax:         2.8
                        Nfsteps(lin): 1001
                      
                      ------------------------------------------------------------------------------
17/Nov/2021 13:32:37  Field update statistics:
                      
                        Number of components in total: 	247253
                        Number of TST elements:		416
                        Number of lossy metal components:	4704
                        Number of disp. elements:		6613
                      
                      Subcycling state:      Automatically deactivated
                      
                      ------------------------------------------------------------------------------
17/Nov/2021 13:32:37  Waveguide boundaries:
                      
17/Nov/2021 13:32:37  Port: 1
                      
17/Nov/2021 13:32:37    -------------------------------- F-Calc 2.4 --------------------------------
                        Port   Mode   Type        Z-Wave        Z-Wave-Sigma  Z-Line        F-Cutoff
                        1      1      QTEM        216           1.63e-008     82.5          ---
                        ----------------------------------------------------------------------------
                      
17/Nov/2021 13:32:37  Port: 2
                      
17/Nov/2021 13:32:37    -------------------------------- F-Calc 2.4 --------------------------------
                        Port   Mode   Type        Z-Wave        Z-Wave-Sigma  Z-Line        F-Cutoff
                        2      1      QTEM        216           6.83e-009     82.5          ---
                        ----------------------------------------------------------------------------
                      
17/Nov/2021 13:32:38  Using standard absorber for unconsidered modes at port 1.
                      
                      ------------------------------------------------------------------------------
17/Nov/2021 13:32:38  Using standard absorber for unconsidered modes at port 2.
                      
                      ------------------------------------------------------------------------------
17/Nov/2021 13:33:24  
                      --------------------------------------------------------------------------------
17/Nov/2021 13:33:24  Steady state energy criterion met, solver finished successfully.
                      
                      ------------------------------------------------------------------------------
17/Nov/2021 13:33:24  Frequency domain results normalized to default signal.
                      
                      
                      ------------------------------------------------------------------------------
17/Nov/2021 13:33:24  
                        ----------------------------------------------------------------------------
                                            Peak memory used (kB)         Free physical memory (kB) 
                                                                          At begin     Minimum      
                        ----------------------------------------------------------------------------
                        CAD preparation     18920                         4575932      4575932      
                        Matrices calc.      61523                         4569335      4358398      
                        Solver run total    74460                         4606160      4140920      
                        ----------------------------------------------------------------------------
                      
                      --------------------------------------------------------------------------------
                      Solver Statistics:
                      
                        Hardware:
                           Computer name:                 	DESKTOP-DQV7HTJ 
                      
                           Number of CPU threads:               2
                           Hardware info:                  	Hardware Accelerator Device not activated
                      
                        Number of mesh cells:             	39292
                        Excitation duration:              	8.88637187e+000 ns 
                        Calculation time for excitation:  	0 	s
                        Number of calculated pulse widths:	1.04962 
                        Steady state accuracy limit:      	-40	dB 
                        Simulated number of time steps:   	5214 
                        Maximum number of time steps:     	99350 
                        Time step width:
                           without subcycles:             	1.788899187e-003 ns
                           used:                          	1.788899187e-003 ns
                      
                        CAD preparation time:             	0      	s
                        Matrix calculation time:          	21 	s
                        Solver setup time:                	6 	s
                        Solver loop time:                 	39 	s
                        Solver post-processing time:      	4 	s
                                                          	------------
                        Total solver time:                	70 	s  ( = 0 h, 1 m, 10 s )
                      
                      ------------------------------------------------------------------------------
17/Nov/2021 13:33:24  ======================================================================
                       Solver cycle: 2
                      ======================================================================
                      
                      Stimulation at port 2 (mode 1) 
                      
                      
                      
                      ------------------------------------------------------------------------------
17/Nov/2021 13:33:24  Units settings: 
                      
                        Dimensions: mm
                        Frequency:  GHz
                        Time:       ns
                      
                      ------------------------------------------------------------------------------
17/Nov/2021 13:33:26  Boundary conditions: 
                      
                        YZsymmetry: none
                        XZsymmetry: none
                        XYsymmetry: none
                      
                        Xmin: expanded open, 4 Layer, depth 33.8092 mm
                        Xmax: expanded open, 4 Layer, depth 33.8092 mm
                      
                        Ymin: expanded open, 4 Layer, depth 40.2432 mm
                        Ymax: expanded open, 4 Layer, depth 40.2432 mm
                      
                        Zmin: expanded open, 4 Layer, depth 40.2759 mm
                        Zmax: expanded open, 4 Layer, depth 33.8092 mm
                      
                        PML-Type: Convolution PML
                      
                      ------------------------------------------------------------------------------
17/Nov/2021 13:33:26  Frequency settings: 
                      
                        Fmin:         2
                        Fmax:         2.8
                        Nfsteps(lin): 1001
                      
                      ------------------------------------------------------------------------------
17/Nov/2021 13:33:26  Field update statistics:
                      
                        Number of components in total: 	247253
                        Number of TST elements:		416
                        Number of lossy metal components:	4704
                        Number of disp. elements:		6613
                      
                      Subcycling state:      Automatically deactivated
                      
                      ------------------------------------------------------------------------------
17/Nov/2021 13:34:05  
                      --------------------------------------------------------------------------------
17/Nov/2021 13:34:05  Steady state energy criterion met, solver finished successfully.
                      
                      ------------------------------------------------------------------------------
17/Nov/2021 13:34:05  Frequency domain results normalized to default signal.
                      
                      
                      ------------------------------------------------------------------------------
17/Nov/2021 13:34:05  
                        ----------------------------------------------------------------------------
                                            Peak memory used (kB)         Free physical memory (kB) 
                                                                          At begin     Minimum      
                        ----------------------------------------------------------------------------
                        CAD preparation     18920                         4575932      4575932      
                        Matrices calc.      61523                         4569335      4358398      
                        Solver run total    76356                         4655192      4655192      
                        ----------------------------------------------------------------------------
                      
                      --------------------------------------------------------------------------------
                      Solver Statistics:
                      
                        Hardware:
                           Computer name:                 	DESKTOP-DQV7HTJ 
                      
                           Number of CPU threads:               2
                           Hardware info:                  	Hardware Accelerator Device not activated
                      
                        Number of mesh cells:             	39292
                        Excitation duration:              	8.88637187e+000 ns 
                        Calculation time for excitation:  	0 	s
                        Number of calculated pulse widths:	1.04962 
                        Steady state accuracy limit:      	-40	dB 
                        Simulated number of time steps:   	5214 
                        Maximum number of time steps:     	99350 
                        Time step width:
                           without subcycles:             	1.788899187e-003 ns
                           used:                          	1.788899187e-003 ns
                      
                        Reloading matrices:               	0 	s
                        Solver setup time:                	4 	s
                        Solver loop time:                 	33 	s
                        Solver post-processing time:      	1 	s
                                                          	------------
                        Total solver time:                	38 	s
                      
                      ------------------------------------------------------------------------------
17/Nov/2021 13:34:05  
                        Adaptive port meshing time:          	80     	s  ( = 0 h, 1 m, 20 s )
                        Total solver time (all cycles):      	108    	s  ( = 0 h, 1 m, 48 s )
                        solver initialization and clean-up:  	5      	s
                                                             	------------
                        Total simulation time:               	193    	s  ( = 0 h, 3 m, 13 s )
                      
                      ------------------------------------------------------------------------------
17/Nov/2021 13:34:05  Solver finished at: 01:34 PM Wednesday, 17. November 2021
                      
                      
                      
                      ------------------------------------------------------------------------------
