09/Nov/2021 20:32:06  Build version: 2021.1 Release from 2020-11-10 (change 826605)

09/Nov/2021 20:32:06  Starting adaptive port meshing.
                      
                      ------------------------------------------------------------------------------
09/Nov/2021 20:32:06  Mode calculation for port 1:
                      
                      ------------------------------------------------------------------------------

                      ------------------------------------------------------------------------------

                      ------------------------------------------------------------------------------
09/Nov/2021 20:32:08  Using generalized port mode solver.
                      
                      ------------------------------------------------------------------------------
09/Nov/2021 20:32:09  Using electric shielding for port 1.
                      
                      ------------------------------------------------------------------------------
09/Nov/2021 20:32:09    --------------------------------- F-Calc 1 ---------------------------------
                        Port   Mode   Type        Z-Wave        Z-Wave-Sigma  Z-Line        F-Cutoff
                        1      1      QTEM        211           1.46e-009     48            ---
                        ----------------------------------------------------------------------------
                      
09/Nov/2021 20:32:10  Pass 1 successfully completed. 

                      ------------------------------------------------------------------------------

                      ------------------------------------------------------------------------------
09/Nov/2021 20:32:15    --------------------------------- F-Calc 1 ---------------------------------
                        Port   Mode   Type        Z-Wave        Z-Wave-Sigma  Z-Line        F-Cutoff
                        1      1      QTEM        229           18.3          48.9          ---
                        ----------------------------------------------------------------------------
                      
09/Nov/2021 20:32:15  Pass 2 successfully completed. Delta (Line Imp.): 1.95%

                      ------------------------------------------------------------------------------

                      ------------------------------------------------------------------------------
09/Nov/2021 20:32:19    --------------------------------- F-Calc 1 ---------------------------------
                        Port   Mode   Type        Z-Wave        Z-Wave-Sigma  Z-Line        F-Cutoff
                        1      1      QTEM        247           6.89e-008     49.1          ---
                        ----------------------------------------------------------------------------
                      
09/Nov/2021 20:32:21  Pass 3 successfully completed. Delta (Line Imp.): 0.28%

                      ------------------------------------------------------------------------------

                      ------------------------------------------------------------------------------
09/Nov/2021 20:32:26    --------------------------------- F-Calc 1 ---------------------------------
                        Port   Mode   Type        Z-Wave        Z-Wave-Sigma  Z-Line        F-Cutoff
                        1      1      QTEM        250           5.55e-008     49.1          ---
                        ----------------------------------------------------------------------------
                      
09/Nov/2021 20:32:27  Pass 4 successfully completed. Delta (Line Imp.): 0.11%
09/Nov/2021 20:32:27  Mode calculation for port 2:
                      
                      ------------------------------------------------------------------------------

                      ------------------------------------------------------------------------------

                      ------------------------------------------------------------------------------
09/Nov/2021 20:32:29  Using generalized port mode solver.
                      
                      ------------------------------------------------------------------------------
09/Nov/2021 20:32:29  Using electric shielding for port 2.
                      
                      ------------------------------------------------------------------------------
09/Nov/2021 20:32:29    --------------------------------- F-Calc 1 ---------------------------------
                        Port   Mode   Type        Z-Wave        Z-Wave-Sigma  Z-Line        F-Cutoff
                        2      1      QTEM        211           1.29e-009     47.9          ---
                        ----------------------------------------------------------------------------
                      
09/Nov/2021 20:32:30  Pass 1 successfully completed. 

                      ------------------------------------------------------------------------------

                      ------------------------------------------------------------------------------
09/Nov/2021 20:32:32    --------------------------------- F-Calc 1 ---------------------------------
                        Port   Mode   Type        Z-Wave        Z-Wave-Sigma  Z-Line        F-Cutoff
                        2      1      QTEM        229           18.2          48.9          ---
                        ----------------------------------------------------------------------------
                      
09/Nov/2021 20:32:33  Pass 2 successfully completed. Delta (Line Imp.): 2.03%

                      ------------------------------------------------------------------------------

                      ------------------------------------------------------------------------------
09/Nov/2021 20:32:36    --------------------------------- F-Calc 1 ---------------------------------
                        Port   Mode   Type        Z-Wave        Z-Wave-Sigma  Z-Line        F-Cutoff
                        2      1      QTEM        247           6.62e-008     49            ---
                        ----------------------------------------------------------------------------
                      
09/Nov/2021 20:32:37  Pass 3 successfully completed. Delta (Line Imp.): 0.35%

                      ------------------------------------------------------------------------------

                      ------------------------------------------------------------------------------
09/Nov/2021 20:32:41    --------------------------------- F-Calc 1 ---------------------------------
                        Port   Mode   Type        Z-Wave        Z-Wave-Sigma  Z-Line        F-Cutoff
                        2      1      QTEM        250           5.38e-008     49.1          ---
                        ----------------------------------------------------------------------------
                      
09/Nov/2021 20:32:42  Pass 4 successfully completed. Delta (Line Imp.): 0.13%
09/Nov/2021 20:32:42  Mode calculation for port 3:
                      
                      ------------------------------------------------------------------------------

                      ------------------------------------------------------------------------------

                      ------------------------------------------------------------------------------
09/Nov/2021 20:32:44  Using generalized port mode solver.
                      
                      ------------------------------------------------------------------------------
09/Nov/2021 20:32:44  Using electric shielding for port 3.
                      
                      ------------------------------------------------------------------------------
09/Nov/2021 20:32:44    --------------------------------- F-Calc 1 ---------------------------------
                        Port   Mode   Type        Z-Wave        Z-Wave-Sigma  Z-Line        F-Cutoff
                        3      1      QTEM        211           1.29e-009     47.9          ---
                        ----------------------------------------------------------------------------
                      
09/Nov/2021 20:32:45  Pass 1 successfully completed. 

                      ------------------------------------------------------------------------------

                      ------------------------------------------------------------------------------
09/Nov/2021 20:32:47    --------------------------------- F-Calc 1 ---------------------------------
                        Port   Mode   Type        Z-Wave        Z-Wave-Sigma  Z-Line        F-Cutoff
                        3      1      QTEM        229           18.2          48.9          ---
                        ----------------------------------------------------------------------------
                      
09/Nov/2021 20:32:48  Pass 2 successfully completed. Delta (Line Imp.): 2.03%

                      ------------------------------------------------------------------------------

                      ------------------------------------------------------------------------------
09/Nov/2021 20:32:51    --------------------------------- F-Calc 1 ---------------------------------
                        Port   Mode   Type        Z-Wave        Z-Wave-Sigma  Z-Line        F-Cutoff
                        3      1      QTEM        247           6.68e-008     49            ---
                        ----------------------------------------------------------------------------
                      
09/Nov/2021 20:32:52  Pass 3 successfully completed. Delta (Line Imp.): 0.35%

                      ------------------------------------------------------------------------------

                      ------------------------------------------------------------------------------
09/Nov/2021 20:32:56    --------------------------------- F-Calc 1 ---------------------------------
                        Port   Mode   Type        Z-Wave        Z-Wave-Sigma  Z-Line        F-Cutoff
                        3      1      QTEM        250           5.45e-008     49.1          ---
                        ----------------------------------------------------------------------------
                      
09/Nov/2021 20:32:57  Pass 4 successfully completed. Delta (Line Imp.): 0.13%
09/Nov/2021 20:32:57  Adaptive port meshing finished. 
                      
                      ------------------------------------------------------------------------------
09/Nov/2021 20:32:58  
                      Solver started at: 08:32 PM Tuesday, 09. November 2021 (Turkey Standard Time)
                      
                        Module:  Time Domain: S-Parameter (Win 64)
                        Version: 2021.1 Release from 2020-11-10 (change 826605)
                      

                      ------------------------------------------------------------------------------

                      ------------------------------------------------------------------------------
09/Nov/2021 20:32:58  ======================================================================
                       Solver cycle: 1
                      ======================================================================
                      
                      Stimulation at port 1 (mode 1) 
                      
                      
                      
                      ------------------------------------------------------------------------------
09/Nov/2021 20:32:58  Units settings: 
                      
                        Dimensions: mm
                        Frequency:  GHz
                        Time:       ns
                      
                      ------------------------------------------------------------------------------
09/Nov/2021 20:33:11  Mesh statistics:
                      
                         Hexahedral mesh type: PBA [Version: default]
                      
                         Parallelization type: domain decomposition
                            Number of parallel working threads: 2
                            Number of calculation domains used: 4
                      
                         Used point accuracy enhancement value: 75.00%.
                         Used point accuracy enhancement value: 53.00%.
                         PBA fill limit: 98.81% (inverse)

09/Nov/2021 20:33:12  Using generalized port mode solver.
                      
                      ------------------------------------------------------------------------------
09/Nov/2021 20:33:12  Using electric shielding for port 1, 2, 3.
                      
                      ------------------------------------------------------------------------------
09/Nov/2021 20:33:13  Boundary conditions: 
                      
                        YZsymmetry: none
                        XZsymmetry: none
                        XYsymmetry: none
                      
                        Xmin: expanded open, 4 Layer, depth 38.2124 mm
                        Xmax: expanded open, 4 Layer, depth 38.2124 mm
                      
                        Ymin: expanded open, 4 Layer, depth 38.0786 mm
                        Ymax: expanded open, 4 Layer, depth 35.4554 mm
                      
                        Zmin: expanded open, 4 Layer, depth 35.4554 mm
                        Zmax: expanded open, 4 Layer, depth 35.4554 mm
                      
                        PML-Type: Convolution PML
                      
                      ------------------------------------------------------------------------------
09/Nov/2021 20:33:13  Frequency settings: 
                      
                        Fmin:         0
                        Fmax:         2
                        Nfsteps(lin): 1001
                      
                      ------------------------------------------------------------------------------
09/Nov/2021 20:33:13  Field update statistics:
                      
                        Number of components in total: 	710797
                        Number of TST elements:		777
                        Number of lossy metal components:	6266
                      
                      Subcycling state:      Automatically deactivated
                      
                      ------------------------------------------------------------------------------
09/Nov/2021 20:33:13  Waveguide boundaries:
                      
09/Nov/2021 20:33:13  Port: 1
                      
09/Nov/2021 20:33:13    --------------------------------- F-Calc 1 ---------------------------------
                        Port   Mode   Type        Z-Wave        Z-Wave-Sigma  Z-Line        F-Cutoff
                        1      1      QTEM        211           1.44e-009     49.1          ---
                        ----------------------------------------------------------------------------
                      
09/Nov/2021 20:33:13  Port: 2
                      
09/Nov/2021 20:33:13    --------------------------------- F-Calc 1 ---------------------------------
                        Port   Mode   Type        Z-Wave        Z-Wave-Sigma  Z-Line        F-Cutoff
                        2      1      QTEM        211           1.67e-008     49.1          ---
                        ----------------------------------------------------------------------------
                      
09/Nov/2021 20:33:13  Port: 3
                      
09/Nov/2021 20:33:13    --------------------------------- F-Calc 1 ---------------------------------
                        Port   Mode   Type        Z-Wave        Z-Wave-Sigma  Z-Line        F-Cutoff
                        3      1      QTEM        211           1.19e-008     49.1          ---
                        ----------------------------------------------------------------------------
                      
09/Nov/2021 20:33:13  Using standard absorber for unconsidered modes at port 1.
                      
                      ------------------------------------------------------------------------------
09/Nov/2021 20:33:13  Using standard absorber for unconsidered modes at port 2.
                      
                      ------------------------------------------------------------------------------
09/Nov/2021 20:33:13  Using standard absorber for unconsidered modes at port 3.
                      
                      ------------------------------------------------------------------------------
09/Nov/2021 20:33:21  
                      --------------------------------------------------------------------------------
09/Nov/2021 20:33:21  Steady state energy criterion met, solver finished successfully.
                      
                      ------------------------------------------------------------------------------
09/Nov/2021 20:33:21  Frequency domain results normalized to default signal.
                      
                      
                      ------------------------------------------------------------------------------
09/Nov/2021 20:33:21  
                        ----------------------------------------------------------------------------
                                            Peak memory used (kB)         Free physical memory (kB) 
                                                                          At begin     Minimum      
                        ----------------------------------------------------------------------------
                        CAD preparation     18852                         2093880      2093880      
                        Matrices calc.      102539                        2070312      1974609      
                        Solver run total    90252                         2109340      1995256      
                        ----------------------------------------------------------------------------
                      
                      --------------------------------------------------------------------------------
                      Solver Statistics:
                      
                        Hardware:
                           Computer name:                 	DESKTOP-CS04J2M 
                      
                           Number of CPU threads:               4
                           Hardware info:                  	Hardware Accelerator Device not activated
                      
                        Number of mesh cells:             	114608
                        Excitation duration:              	1.77727437e+000 ns 
                        Calculation time for excitation:  	0 	s
                        Number of calculated pulse widths:	1.39623 
                        Steady state accuracy limit:      	-40	dB 
                        Simulated number of time steps:   	1575 
                        Maximum number of time steps:     	22560 
                        Time step width:
                           without subcycles:             	1.575546988e-003 ns
                           used:                          	1.575546988e-003 ns
                      
                        CAD preparation time:             	0      	s
                        Matrix calculation time:          	13 	s
                        Solver setup time:                	3 	s
                        Solver loop time:                 	5 	s
                        Solver post-processing time:      	0 	s
                                                          	------------
                        Total solver time:                	21 	s
                      
                      ------------------------------------------------------------------------------
09/Nov/2021 20:33:21  ======================================================================
                       Solver cycle: 2
                      ======================================================================
                      
                      Stimulation at port 2 (mode 1) 
                      
                      
                      
                      ------------------------------------------------------------------------------
09/Nov/2021 20:33:21  Units settings: 
                      
                        Dimensions: mm
                        Frequency:  GHz
                        Time:       ns
                      
                      ------------------------------------------------------------------------------
09/Nov/2021 20:33:22  Boundary conditions: 
                      
                        YZsymmetry: none
                        XZsymmetry: none
                        XYsymmetry: none
                      
                        Xmin: expanded open, 4 Layer, depth 38.2124 mm
                        Xmax: expanded open, 4 Layer, depth 38.2124 mm
                      
                        Ymin: expanded open, 4 Layer, depth 38.0786 mm
                        Ymax: expanded open, 4 Layer, depth 35.4554 mm
                      
                        Zmin: expanded open, 4 Layer, depth 35.4554 mm
                        Zmax: expanded open, 4 Layer, depth 35.4554 mm
                      
                        PML-Type: Convolution PML
                      
                      ------------------------------------------------------------------------------
09/Nov/2021 20:33:22  Frequency settings: 
                      
                        Fmin:         0
                        Fmax:         2
                        Nfsteps(lin): 1001
                      
                      ------------------------------------------------------------------------------
09/Nov/2021 20:33:22  Field update statistics:
                      
                        Number of components in total: 	710797
                        Number of TST elements:		777
                        Number of lossy metal components:	6266
                      
                      Subcycling state:      Automatically deactivated
                      
                      ------------------------------------------------------------------------------
09/Nov/2021 20:33:32  
                      --------------------------------------------------------------------------------
09/Nov/2021 20:33:32  Steady state energy criterion met, solver finished successfully.
                      
                      ------------------------------------------------------------------------------
09/Nov/2021 20:33:32  Frequency domain results normalized to default signal.
                      
                      
                      ------------------------------------------------------------------------------
09/Nov/2021 20:33:32  
                        ----------------------------------------------------------------------------
                                            Peak memory used (kB)         Free physical memory (kB) 
                                                                          At begin     Minimum      
                        ----------------------------------------------------------------------------
                        CAD preparation     18852                         2093880      2093880      
                        Matrices calc.      102539                        2070312      1974609      
                        Solver run total    110592                        1840004      1823360      
                        ----------------------------------------------------------------------------
                      
                      --------------------------------------------------------------------------------
                      Solver Statistics:
                      
                        Hardware:
                           Computer name:                 	DESKTOP-CS04J2M 
                      
                           Number of CPU threads:               4
                           Hardware info:                  	Hardware Accelerator Device not activated
                      
                        Number of mesh cells:             	114608
                        Excitation duration:              	1.77727437e+000 ns 
                        Calculation time for excitation:  	0 	s
                        Number of calculated pulse widths:	1.86164 
                        Steady state accuracy limit:      	-40	dB 
                        Simulated number of time steps:   	2100 
                        Maximum number of time steps:     	22560 
                        Time step width:
                           without subcycles:             	1.575546988e-003 ns
                           used:                          	1.575546988e-003 ns
                      
                        Reloading matrices:               	0 	s
                        Solver setup time:                	2 	s
                        Solver loop time:                 	7 	s
                        Solver post-processing time:      	0 	s
                                                          	------------
                        Total solver time:                	9 	s
                      
                      ------------------------------------------------------------------------------
09/Nov/2021 20:33:32  ======================================================================
                       Solver cycle: 3
                      ======================================================================
                      
                      Stimulation at port 3 (mode 1) 
                      
                      
                      
                      ------------------------------------------------------------------------------
09/Nov/2021 20:33:32  Units settings: 
                      
                        Dimensions: mm
                        Frequency:  GHz
                        Time:       ns
                      
                      ------------------------------------------------------------------------------
09/Nov/2021 20:33:33  Boundary conditions: 
                      
                        YZsymmetry: none
                        XZsymmetry: none
                        XYsymmetry: none
                      
                        Xmin: expanded open, 4 Layer, depth 38.2124 mm
                        Xmax: expanded open, 4 Layer, depth 38.2124 mm
                      
                        Ymin: expanded open, 4 Layer, depth 38.0786 mm
                        Ymax: expanded open, 4 Layer, depth 35.4554 mm
                      
                        Zmin: expanded open, 4 Layer, depth 35.4554 mm
                        Zmax: expanded open, 4 Layer, depth 35.4554 mm
                      
                        PML-Type: Convolution PML
                      
                      ------------------------------------------------------------------------------
09/Nov/2021 20:33:33  Frequency settings: 
                      
                        Fmin:         0
                        Fmax:         2
                        Nfsteps(lin): 1001
                      
                      ------------------------------------------------------------------------------
09/Nov/2021 20:33:33  Field update statistics:
                      
                        Number of components in total: 	710797
                        Number of TST elements:		777
                        Number of lossy metal components:	6266
                      
                      Subcycling state:      Automatically deactivated
                      
                      ------------------------------------------------------------------------------
09/Nov/2021 20:33:47  
                      --------------------------------------------------------------------------------
09/Nov/2021 20:33:47  Steady state energy criterion met, solver finished successfully.
                      
                      ------------------------------------------------------------------------------
09/Nov/2021 20:33:47  Frequency domain results normalized to default signal.
                      
                      
                      ------------------------------------------------------------------------------
09/Nov/2021 20:33:47  
                        ----------------------------------------------------------------------------
                                            Peak memory used (kB)         Free physical memory (kB) 
                                                                          At begin     Minimum      
                        ----------------------------------------------------------------------------
                        CAD preparation     18852                         2093880      2093880      
                        Matrices calc.      102539                        2070312      1974609      
                        Solver run total    114988                        1827288      1737436      
                        ----------------------------------------------------------------------------
                      
                      --------------------------------------------------------------------------------
                      Solver Statistics:
                      
                        Hardware:
                           Computer name:                 	DESKTOP-CS04J2M 
                      
                           Number of CPU threads:               4
                           Hardware info:                  	Hardware Accelerator Device not activated
                      
                        Number of mesh cells:             	114608
                        Excitation duration:              	1.77727437e+000 ns 
                        Calculation time for excitation:  	0 	s
                        Number of calculated pulse widths:	1.86164 
                        Steady state accuracy limit:      	-40	dB 
                        Simulated number of time steps:   	2100 
                        Maximum number of time steps:     	22560 
                        Time step width:
                           without subcycles:             	1.575546988e-003 ns
                           used:                          	1.575546988e-003 ns
                      
                        Reloading matrices:               	0 	s
                        Solver setup time:                	2 	s
                        Solver loop time:                 	12 	s
                        Solver post-processing time:      	0 	s
                                                          	------------
                        Total solver time:                	14 	s
                      
                      ------------------------------------------------------------------------------
09/Nov/2021 20:33:48  
                        Adaptive port meshing time:          	56     	s
                        Total solver time (all cycles):      	44     	s
                        solver initialization and clean-up:  	5      	s
                                                             	------------
                        Total simulation time:               	105    	s  ( = 0 h, 1 m, 45 s )
                      
                      ------------------------------------------------------------------------------
09/Nov/2021 20:33:48  Solver finished at: 08:33 PM Tuesday, 09. November 2021
                      
                      
                      
                      ------------------------------------------------------------------------------
