matrixcalc_AMD64 @ DESKTOP-CS04J2M:  ----------
                                     Infos #: 0
                                     ----------

matrixcalc_AMD64 @ DESKTOP-CS04J2M:  -------------
                                     WARNINGS #: 0
                                     -------------

matrixcalc_AMD64 @ DESKTOP-CS04J2M:  -----------
                                     ERRORS #: 0
                                     -----------

matrixcalc_AMD64 @ DESKTOP-CS04J2M:  ----------
                                     Infos #: 0
                                     ----------

matrixcalc_AMD64 @ DESKTOP-CS04J2M:  -------------
                                     WARNINGS #: 0
                                     -------------

matrixcalc_AMD64 @ DESKTOP-CS04J2M:  -----------
                                     ERRORS #: 0
                                     -----------

matrixcalc_AMD64 @ DESKTOP-CS04J2M:  ----------
                                     Infos #: 0
                                     ----------

matrixcalc_AMD64 @ DESKTOP-CS04J2M:  -------------
                                     WARNINGS #: 0
                                     -------------

matrixcalc_AMD64 @ DESKTOP-CS04J2M:  -----------
                                     ERRORS #: 0
                                     -----------

matrixcalc_AMD64 @ DESKTOP-CS04J2M:  ----------
                                     Infos #: 0
                                     ----------

matrixcalc_AMD64 @ DESKTOP-CS04J2M:  -------------
                                     WARNINGS #: 0
                                     -------------

matrixcalc_AMD64 @ DESKTOP-CS04J2M:  -----------
                                     ERRORS #: 0
                                     -----------

matrixcalc_AMD64 @ DESKTOP-CS04J2M:  ----------
                                     Infos #: 0
                                     ----------

matrixcalc_AMD64 @ DESKTOP-CS04J2M:  -------------
                                     WARNINGS #: 0
                                     -------------

matrixcalc_AMD64 @ DESKTOP-CS04J2M:  -----------
                                     ERRORS #: 0
                                     -----------

matrixcalc_AMD64 @ DESKTOP-CS04J2M:  ----------
                                     Infos #: 0
                                     ----------

matrixcalc_AMD64 @ DESKTOP-CS04J2M:  -------------
                                     WARNINGS #: 0
                                     -------------

matrixcalc_AMD64 @ DESKTOP-CS04J2M:  -----------
                                     ERRORS #: 0
                                     -----------

matrixcalc_AMD64 @ DESKTOP-CS04J2M:  ----------
                                     Infos #: 0
                                     ----------

matrixcalc_AMD64 @ DESKTOP-CS04J2M:  -------------
                                     WARNINGS #: 0
                                     -------------

matrixcalc_AMD64 @ DESKTOP-CS04J2M:  -----------
                                     ERRORS #: 0
                                     -----------

matrixcalc_AMD64 @ DESKTOP-CS04J2M:  ----------
                                     Infos #: 0
                                     ----------

matrixcalc_AMD64 @ DESKTOP-CS04J2M:  -------------
                                     WARNINGS #: 0
                                     -------------

matrixcalc_AMD64 @ DESKTOP-CS04J2M:  -----------
                                     ERRORS #: 0
                                     -----------

